autoscan: warning: missing AC_CHECK_HEADERS([sys/time.h]) wanted by: 
	Include/Task/TimeTick.h:5
	Include/Task/TimeTick.h:9
autoscan: warning: missing AC_HEADER_STDBOOL wanted by: 
	LibSrc/Encryption/encryption.cpp:126
	LibSrc/HexBuffer/HexBuffer.cpp:22
	LibSrc/HexBuffer/HexBuffer.cpp:29
	LibSrc/HexBuffer/HexBuffer.cpp:43
	LibSrc/HexBuffer/HexBuffer.cpp:73
	LibSrc/Task/TimeTick.cpp:7
	LibSrc/Task/TimeTick.cpp:12
	LibSrc/Task/TimeTick.cpp:22
	LibSrc/Task/Task.cpp:16
	LibSrc/DB/BDBase.cpp:87
	LibSrc/DB/BDBase.cpp:96
	LibSrc/DB/BDBase.cpp:105
	LibSrc/DB/BDLoginF.cpp:43
	LibSrc/DB/BDLoginF.cpp:48
	LibSrc/DB/BDLoginF.cpp:69
	LibSrc/DB/BDLoginF.cpp:75
	LibSrc/DB/BDLogin.cpp:41
	LibSrc/DB/BDLogin.cpp:46
	LibSrc/DB/BDLogin.cpp:100
	LibSrc/DB/BDLogin.cpp:106
	LibSrc/DB/BDLogin.cpp:121
	LibSrc/DB/BDUsers.cpp:59
	LibSrc/DB/BDUsers.cpp:65
	LibSrc/DB/BDUsers.cpp:137
	LibSrc/DB/BDUsers.cpp:156
	LibSrc/DB/BDUsers.cpp:158
	LibSrc/Socket/Socket.cpp:40
	LibSrc/MuObiects/MuPcInstance.cpp:31
	LibSrc/MuObiects/MuPcInstance.cpp:36
	LibSrc/ConfFile/ConfFile.cpp:50
	LibSrc/ConfFile/ConfFile.cpp:51
	LibSrc/ConfFile/ConfFile.cpp:56
	LibSrc/ConfFile/ConfFile.cpp:76
	Include/DecEncC3/DecEncBase.h:31
	Include/DecEncC3/DecEncBase.h:32
	Include/DecEncC3/DecEncBase.h:33
	Include/DecEncC3/DecEncBase.h:34
	Include/Encryption/encryption.h:48
	Include/Encryption/encryption.h:56
	Include/HexBuffer/HexBuffer.h:23
	Include/HexBuffer/HexBuffer.h:23
	Include/HexBuffer/HexBuffer.h:25
	Include/HexBuffer/HexBuffer.h:26
	Include/HexBuffer/HexBuffer.h:31
	Include/Task/Task.h:20
	Include/Task/Task.h:22
	Include/Task/TimeTick.h:21
	Include/Task/TimeTick.h:22
	Include/Task/TimeTick.h:24
	Include/DB/BDLogin.h:51
	Include/DB/BDLogin.h:53
	Include/DB/BDLogin.h:54
	Include/DB/BDLogin.h:55
	Include/DB/BDLogin.h:56
	Include/DB/BDBase.h:40
	Include/DB/BDBase.h:48
	Include/DB/BDBase.h:49
	Include/DB/BDUsers.h:50
	Include/DB/BDUsers.h:62
	Include/DB/BDUsers.h:64
	Include/DB/BDUsers.h:65
	Include/DB/BDUsers.h:66
	Include/DB/BDUsers.h:67
	Include/DB/BDLoginF.h:56
	Include/DB/BDLoginF.h:58
	Include/DB/BDLoginF.h:59
	Include/DB/BDLoginF.h:60
	Include/DB/BDLoginF.h:61
	Include/Socket/Socket.h:28
	Include/Socket/Socket.h:63
	Include/AdminTools/ACommandT.h:24
	Include/AdminTools/ACommandT.h:25
	Include/AdminTools/ACommandT.h:26
	Include/AdminTools/ACommandT.h:27
	Include/AdminTools/AMapsMng.h:9
	Include/AdminTools/ACommandMng.h:40
	Include/AdminTools/ACommandMng.h:69
	Include/AdminTools/BaseConsole.h:16
	Include/AdminTools/BaseConsole.h:42
	Include/AdminTools/AInfo.h:7
	Include/MuObiects/MuFriendCharacter.h:9
	Include/MuObiects/MuFriendCharacter.h:10
	Include/MuObiects/MuFriendCharacter.h:12
	Include/MuObiects/MuFriendCharacter.h:25
	Include/MuObiects/MuFriendCharacter.h:27
	Include/MuObiects/MuFriendCharacter.h:32
	Include/MuObiects/MuFriendCharacter.h:34
	Include/MuObiects/MuFriendCharacter.h:36
	Include/MuObiects/MuFriendCharacter.h:37
	Include/MuObiects/MuFriendCharacter.h:37
	Include/MuObiects/MuHandInwentory.h:68
	Include/MuObiects/MuItemT.h:132
	Include/MuObiects/MuItemT.h:133
	Include/MuObiects/MuItemT.h:134
	Include/MuObiects/MuItemT.h:135
	Include/MuObiects/MuWsp.h:10
	Include/MuObiects/MuMonsterInstance.h:89
	Include/MuObiects/MuMonsterInstance.h:90
	Include/MuObiects/MuMonsterInstance.h:220
	Include/MuObiects/MuMonsterInstance.h:223
	Include/MuObiects/MuPcInstance.h:78
	Include/MuObiects/MuPcInstance.h:119
	Include/MuObiects/MuPcInstance.h:228
	Include/MuObiects/MuPcInstance.h:259
	Include/MuObiects/MuPcInstance.h:260
	Include/MuObiects/MuAtackableInstance.h:9
	Include/MuObiects/MuCharacter.h:40
	Include/MuObiects/MuCharacter.h:170
	Include/MuObiects/MuCharacter.h:172
	Include/MuObiects/MuCharacter.h:215
	Include/MuObiects/MuObiect.h:81
	Include/MuObiects/MuCharacterBase.h:9
	Include/MuObiects/MuCharacterBase.h:11
	Include/MuObiects/MuCharacterBase.h:20
	Include/MuObiects/MuCharacterBase.h:26
	Include/MuObiects/MuCharacterBase.h:30
	Include/ConfFile/ConfFile.h:14
	Include/ConfFile/ConfFile.h:22
	Include/ConfFile/ConfFile.h:23
	Include/ConfFile/ConfFile.h:26
	Include/Protocol/SDropItemAnsfer.h:9
	Include/Protocol/SDropItemAnsfer.h:12
	Include/Protocol/SIncraseStatAnsfer.h:11
	Include/Protocol/SIncraseStatAnsfer.h:15
	Include/Protocol/SAddNewFriendAnsfer.h:11
	Include/Protocol/SAddNewFriendAnsfer.h:13
	LibSrc/Encryption/encryption.cpp:131
	LibSrc/DB/BDBase.cpp:30
	LibSrc/DB/BDBase.cpp:57
	LibSrc/DB/BDBase.cpp:76
	LibSrc/DB/BDLoginF.cpp:50
	LibSrc/DB/BDLogin.cpp:70
	LibSrc/DB/BDLogin.cpp:106
	LibSrc/DB/BDUsers.cpp:97
	LibSrc/DB/BDUsers.cpp:150
	LibSrc/DB/BDUsers.cpp:158
	LibSrc/DB/BDUsers.cpp:178
	LibSrc/Socket/SocketWin32.cpp:35
	LibSrc/Socket/Socket.cpp:24
	LibSrc/MuObiects/MuMonsterInstance.cpp:28
	LibSrc/ConfFile/ConfFile.cpp:7
	LibSrc/ConfFile/ConfFile.cpp:63
	LibSrc/Protocol/SIdGetDmg.cpp:13
	LibSrc/Protocol/SIdGetDmg.cpp:14
	LibSrc/Protocol/SHello.cpp:18
	LibSrc/Protocol/SIdDie.cpp:7
	LibSrc/Protocol/SToMoveID.cpp:6
	Include/Encryption/encryption.h:26
	Include/AdminTools/ACommandMng.h:74
	Include/AdminTools/BaseConsole.h:16
	Include/AdminTools/AInfo.h:25
	Include/MuObiects/MuFriendCharacter.h:17
	Include/MuObiects/MuFriendCharacter.h:31
	Include/MuObiects/MuHandInwentory.h:75
	Include/MuObiects/MuItemT.h:132
	Include/MuObiects/MuItemT.h:133
	Include/MuObiects/MuItemT.h:134
	Include/MuObiects/MuItemT.h:135
	Include/MuObiects/MuMonsterInstance.h:155
	Include/MuObiects/MuMonsterInstance.h:182
	Include/MuObiects/MuMonsterInstance.h:206
	Include/MuObiects/MuPcInstance.h:89
	Include/MuObiects/MuPcInstance.h:128
	Include/MuObiects/MuPcInstance.h:228
	Include/MuObiects/MuPcInstance.h:234
	Include/MuObiects/MuObiect.h:86
	Include/Protocol/SUpdateMaxBaseLive.h:21
	Include/Protocol/SItemsMiting.h:37
	Include/Protocol/SItemsMiting.h:49
	Include/Protocol/CDropItemRequest.h:24
	Include/Protocol/SGotExp.h:26
	Include/Protocol/SGotExp.h:27
	Include/Protocol/CRequestOpenWindow.h:18
	Include/Protocol/CCharacterListRequest.h:36
	Include/Protocol/CCharacterListRequest.h:37
	Include/Protocol/CPickUpItem.h:17
	Include/Protocol/SCharacterMiting.h:40
	Include/Protocol/SCharacterMiting.h:56
	Include/Protocol/SUpdateManaStamina.h:23
	Include/Protocol/SUpdateManaStamina.h:24
	Include/Protocol/SUpdateLive.h:21
	Include/Protocol/SIdAtackId.h:26
	Include/Protocol/SIdAtackId.h:27
	Include/Protocol/SOpenDialog.h:58
	Include/Protocol/SForgetId.h:23
	Include/Protocol/CUseLvlUpPoints.h:31
	Include/Protocol/CUseLvlUpPoints.h:42
	Include/Protocol/CUseLvlUpPoints.h:52
	Include/Protocol/CUseLvlUpPoints.h:62
	Include/Protocol/SIncraseStatAnsfer.h:34
	Include/Protocol/SIncraseStatAnsfer.h:35
	Src/GSEmu/main.cpp:476
	LibSrc/Encryption/encryption.cpp:143
	LibSrc/Encryption/encryption.cpp:144
	LibSrc/DB/BDBase.cpp:35
	LibSrc/DB/BDBase.cpp:45
	LibSrc/DB/BDBase.cpp:62
	LibSrc/DB/BDBase.cpp:72
	LibSrc/DB/BDLoginF.cpp:50
	LibSrc/DB/BDLoginF.cpp:71
	LibSrc/DB/BDLoginF.cpp:77
	LibSrc/DB/BDLogin.cpp:65
	LibSrc/DB/BDLogin.cpp:110
	LibSrc/DB/BDLogin.cpp:115
	LibSrc/DB/BDUsers.cpp:92
	LibSrc/DB/BDUsers.cpp:146
	LibSrc/DB/BDUsers.cpp:168
	LibSrc/DB/BDUsers.cpp:172
	LibSrc/Socket/SocketWin32.cpp:49
	LibSrc/Socket/Socket.cpp:41
	LibSrc/Socket/SocketUnix.cpp:37
	LibSrc/MuObiects/MuMonsterInstance.cpp:29
	LibSrc/ConfFile/ConfFile.cpp:42
	LibSrc/ConfFile/ConfFile.cpp:54
	LibSrc/ConfFile/ConfFile.cpp:62
	LibSrc/ConfFile/ConfFile.cpp:71
	LibSrc/Protocol/SBPacket.cpp:31
	LibSrc/Protocol/SBPacket.cpp:44
	LibSrc/Protocol/SBPacket.cpp:60
	LibSrc/Protocol/SBPacket.cpp:76
	Include/IdFactory.h:15
	Include/HexBuffer/HexBuffer.h:31
	Include/AdminTools/ACommandMng.h:75
	Include/AdminTools/BaseConsole.h:44
	Include/AdminTools/AInfo.h:22
	Include/MuObiects/MuFriendCharacter.h:30
	Include/MuObiects/MuFriendCharacter.h:37
	Include/MuObiects/MuHandInwentory.h:74
	Include/MuObiects/MuMonsterInstance.h:168
	Include/MuObiects/MuMonsterInstance.h:193
	Include/MuObiects/MuPcInstance.h:100
	Include/MuObiects/MuPcInstance.h:140
	Include/MuObiects/MuPcInstance.h:236
	Include/MuObiects/MuObiect.h:85
	Include/MuObiects/MuCharacterBase.h:11
	Include/MuObiects/MuCharacterBase.h:20
	Include/Protocol/SSelectedCharacterStats.h:141
	Include/Protocol/SSelectedCharacterStats.h:142
	Include/Protocol/SSelectedCharacterStats.h:143
	Include/Protocol/SSelectedCharacterStats.h:145
	Include/Protocol/SSelectedCharacterStats.h:146
	Include/Protocol/SSelectedCharacterStats.h:147
	Include/Protocol/SSelectedCharacterStats.h:148
	Include/Protocol/SSelectedCharacterStats.h:150
	Include/Protocol/SSelectedCharacterStats.h:151
	Include/Protocol/SSelectedCharacterStats.h:152
	Include/Protocol/SSelectedCharacterStats.h:153
	Include/Protocol/SSelectedCharacterStats.h:154
	Include/Protocol/SSelectedCharacterStats.h:155
	Include/Protocol/SSelectedCharacterStats.h:158
	Include/Protocol/SCharacterListAnsfer.h:97
	Include/Protocol/SLvlUp.h:30
	Include/Protocol/SLvlUp.h:31
	Include/Protocol/SLvlUp.h:32
	Include/Protocol/SLvlUp.h:33
	Include/Protocol/SLvlUp.h:34
	Include/Protocol/CAddNewFriendRequest.h:20
	Include/Protocol/CChatStartRequest.h:20
	Include/Protocol/CUseLvlUpPoints.h:29
	Include/Protocol/CUseLvlUpPoints.h:40
	Include/Protocol/CUseLvlUpPoints.h:50
	Include/Protocol/CUseLvlUpPoints.h:60
	Include/Protocol/SNewCharacterAnsfer.h:40
autoscan: warning: missing AC_TYPE_SIZE_T wanted by: 
	Src/MuBoot/main.cpp:51
	Src/MuBoot/main.cpp:52
